<?xml version="1.0" encoding="UTF-8"?>
<!-- Generated by org.testng.reporters.JUnitReportReporter -->
<testsuite hostname="DESKTOP-H7LNM2F" failures="0" tests="4" name="testng1.TestNGAnnotations" time="0.043" errors="0" timestamp="2024-01-22T15:49:13 IST" skipped="0">
  <testcase classname="testng1.TestNGAnnotations" name="zTestMethod" time="0.013"/>
  <system-out/>
  <testcase classname="testng1.TestNGAnnotations" name="rTestMethod" time="0.008"/>
  <system-out/>
  <testcase classname="testng1.TestNGAnnotations" name="testMethod1" time="0.011"/>
  <system-out/>
  <testcase classname="testng1.TestNGAnnotations" name="testMethod2" time="0.011"/>
  <system-out/>
</testsuite> <!-- testng1.TestNGAnnotations -->
