<?xml version="1.0" encoding="UTF-8"?>
<!-- Generated by org.testng.reporters.JUnitReportReporter -->
<testsuite hostname="DESKTOP-H7LNM2F" failures="0" tests="4" name="testng2.TestNGsuites" time="0.056" errors="0" timestamp="2024-01-22T15:49:13 IST" skipped="0">
  <testcase classname="testng2.TestNGsuites" name="zTestMethod" time="0.005"/>
  <system-out/>
  <testcase classname="testng2.TestNGsuites" name="rTestMethod" time="0.007"/>
  <system-out/>
  <testcase classname="testng2.TestNGsuites" name="testMethod1" time="0.019"/>
  <system-out/>
  <testcase classname="testng2.TestNGsuites" name="testMethod2" time="0.025"/>
  <system-out/>
</testsuite> <!-- testng2.TestNGsuites -->
