<?xml version="1.0" encoding="UTF-8"?>
<!-- Generated by org.testng.reporters.JUnitReportReporter -->
<testsuite hostname="DESKTOP-H7LNM2F" failures="0" tests="1" name="testng1.TestNgHrmLogin" time="39.732" errors="0" timestamp="2024-01-12T00:07:35 IST" skipped="0">
  <testcase classname="testng1.TestNgHrmLogin" name="Login" time="39.732"/>
  <system-out/>
</testsuite> <!-- testng1.TestNgHrmLogin -->
