<?xml version="1.0" encoding="UTF-8"?>
<!-- Generated by org.testng.reporters.JUnitReportReporter -->
<testsuite hostname="DESKTOP-H7LNM2F" failures="0" tests="4" name="testng2.TestNGsuites" time="0.013" errors="0" timestamp="2024-01-22T22:42:09 IST" skipped="0">
  <testcase classname="testng2.TestNGsuites" name="zTestMethod" time="0.006"/>
  <system-out/>
  <testcase classname="testng2.TestNGsuites" name="rTestMethod" time="0.004"/>
  <system-out/>
  <testcase classname="testng2.TestNGsuites" name="testMethod1" time="0.003"/>
  <system-out/>
  <testcase classname="testng2.TestNGsuites" name="testMethod2" time="0.000"/>
  <system-out/>
</testsuite> <!-- testng2.TestNGsuites -->
